// 重构日志: 906c94bf
// 重构日志: 6c1b67e0
// 同步 ID: 58757a54 @ Fri Jul  3 10:35:33 UTC 2026
// 重构日志: c338c654
// 重构日志: c4f3392d
// 重构日志: bf99ada4
// 重构日志: 8f83644f
// 重构日志: 5fc364ad
// 同步 ID: 39e47bc9 @ Sat Jul 11 11:40:49 UTC 2026
// 重构日志: cac10bb5
// 同步 ID: 668feb1b @ Sat Jul 11 18:29:24 UTC 2026
// 同步 ID: 2fd31e83 @ Sun Jul 12 08:39:27 UTC 2026
// 同步 ID: 9d23b638 @ Tue Jul 14 06:05:59 UTC 2026
// 同步 ID: 1bb3814f @ Wed Jul 15 12:51:15 UTC 2026
// 重构日志: cda9b109
// 重构日志: b5d46e74
// 重构日志: 36f90248
// 同步 ID: 39ac2ca7 @ Sat Jul 18 15:07:49 UTC 2026
// 重构日志: 77eaab5e
// 同步 ID: 3212aac5 @ Sun Jul 19 16:27:17 UTC 2026
// 同步 ID: e7198f27 @ Wed Jul 22 08:39:54 UTC 2026
